0 info it worked if it ends with ok
1 verbose cli [ 'node', '/usr/local/bin/npm', 'install', 'socksjs-client' ]
2 info using npm@1.3.21
3 info using node@v0.10.17
4 verbose cache add [ 'socksjs-client', null ]
5 verbose cache add name=undefined spec="socksjs-client" args=["socksjs-client",null]
6 verbose parsed url { protocol: null,
6 verbose parsed url   slashes: null,
6 verbose parsed url   auth: null,
6 verbose parsed url   host: null,
6 verbose parsed url   port: null,
6 verbose parsed url   hostname: null,
6 verbose parsed url   hash: null,
6 verbose parsed url   search: null,
6 verbose parsed url   query: null,
6 verbose parsed url   pathname: 'socksjs-client',
6 verbose parsed url   path: 'socksjs-client',
6 verbose parsed url   href: 'socksjs-client' }
7 silly lockFile 10ab532c-socksjs-client socksjs-client
8 verbose lock socksjs-client /Users/philipp/.npm/10ab532c-socksjs-client.lock
9 silly lockFile 10ab532c-socksjs-client socksjs-client
10 silly lockFile 10ab532c-socksjs-client socksjs-client
11 verbose addNamed [ 'socksjs-client', '' ]
12 verbose addNamed [ null, '*' ]
13 silly lockFile 01378bfc-socksjs-client socksjs-client@
14 verbose lock socksjs-client@ /Users/philipp/.npm/01378bfc-socksjs-client.lock
15 silly addNameRange { name: 'socksjs-client', range: '*', hasData: false }
16 verbose url raw socksjs-client
17 verbose url resolving [ 'https://registry.npmjs.org/', './socksjs-client' ]
18 verbose url resolved https://registry.npmjs.org/socksjs-client
19 info trying registry request attempt 1 at 09:18:40
20 http GET https://registry.npmjs.org/socksjs-client
21 http 404 https://registry.npmjs.org/socksjs-client
22 silly registry.get cb [ 404,
22 silly registry.get   { date: 'Sat, 22 Feb 2014 17:18:07 GMT',
22 silly registry.get     server: 'CouchDB/1.5.0 (Erlang OTP/R16B)',
22 silly registry.get     'content-type': 'application/json',
22 silly registry.get     via: '1.1 varnish',
22 silly registry.get     'cache-control': 'max-age=0',
22 silly registry.get     'content-length': '52',
22 silly registry.get     'accept-ranges': 'bytes',
22 silly registry.get     age: '0',
22 silly registry.get     'x-served-by': 'cache-v36-ASH, cache-c48-CHI',
22 silly registry.get     'x-cache': 'MISS, MISS',
22 silly registry.get     'x-cache-hits': '0, 0',
22 silly registry.get     'x-timer': 'S1393089487.122180700,VS0,VS-30,VE-12,VE34',
22 silly registry.get     'keep-alive': 'timeout=10, max=50',
22 silly registry.get     connection: 'Keep-Alive' } ]
23 silly lockFile 01378bfc-socksjs-client socksjs-client@
24 silly lockFile 01378bfc-socksjs-client socksjs-client@
25 error 404 'socksjs-client' is not in the npm registry.
25 error 404 You should bug the author to publish it
25 error 404
25 error 404 Note that you can also install from a
25 error 404 tarball, folder, or http url, or git url.
26 error System Darwin 13.0.0
27 error command "node" "/usr/local/bin/npm" "install" "socksjs-client"
28 error cwd /Users/philipp/Workspace/AmbientInteractiveWall-Deploy
29 error node -v v0.10.17
30 error npm -v 1.3.21
31 error code E404
32 verbose exit [ 1, true ]
